      Step     Time          Energy          fmax
FIRE:    0 12:01:52     -450.329569        1.186766
FIRE:    1 12:01:52     -450.402540        1.077144
FIRE:    2 12:01:52     -450.520799        0.891229
FIRE:    3 12:01:52     -450.651643        0.674821
FIRE:    4 12:01:52     -450.774554        0.465090
FIRE:    5 12:01:52     -450.878269        0.323162
FIRE:    6 12:01:52     -450.957551        0.317532
FIRE:    7 12:01:52     -451.016429        0.313240
FIRE:    8 12:01:53     -451.068558        0.349473
FIRE:    9 12:01:53     -451.121321        0.361325
FIRE:   10 12:01:53     -451.181495        0.330527
FIRE:   11 12:01:53     -451.247597        0.310449
FIRE:   12 12:01:53     -451.315840        0.312043
FIRE:   13 12:01:53     -451.397872        0.301976
FIRE:   14 12:01:53     -451.485011        0.281792
FIRE:   15 12:01:53     -451.574721        0.267044
FIRE:   16 12:01:53     -451.675642        0.259031
FIRE:   17 12:01:53     -451.775802        0.255844
FIRE:   18 12:01:53     -451.868884        0.245395
FIRE:   19 12:01:53     -451.951977        0.229287
FIRE:   20 12:01:53     -452.025543        0.217285
FIRE:   21 12:01:53     -452.095560        0.211105
FIRE:   22 12:01:54     -452.161239        0.201119
FIRE:   23 12:01:54     -452.225785        0.189186
FIRE:   24 12:01:54     -452.285526        0.223092
FIRE:   25 12:01:54     -452.342752        0.333833
FIRE:   26 12:01:54     -452.396358        0.484733
FIRE:   27 12:01:54     -452.444433        0.639578
FIRE:   28 12:01:54     -452.486782        0.862735
FIRE:   29 12:01:54     -452.196567        3.537226
FIRE:   30 12:01:54     -452.480728        1.158920
FIRE:   31 12:01:54     -452.497943        0.727056
FIRE:   32 12:01:54     -452.511278        0.185179
FIRE:   33 12:01:54     -452.506759        0.738910
FIRE:   34 12:01:54     -452.508541        0.662152
FIRE:   35 12:01:54     -452.511426        0.517934
FIRE:   36 12:01:55     -452.514348        0.323438
FIRE:   37 12:01:55     -452.516324        0.125237
FIRE:   38 12:01:55     -452.516953        0.131756
FIRE:   39 12:01:55     -452.517001        0.129772
FIRE:   40 12:01:55     -452.517095        0.125873
FIRE:   41 12:01:55     -452.517233        0.124914
FIRE:   42 12:01:55     -452.517411        0.124913
FIRE:   43 12:01:55     -452.517623        0.124910
FIRE:   44 12:01:55     -452.517866        0.124905
FIRE:   45 12:01:55     -452.518136        0.124897
FIRE:   46 12:01:55     -452.518461        0.124883
FIRE:   47 12:01:55     -452.518852        0.124860
FIRE:   48 12:01:55     -452.519322        0.124823
FIRE:   49 12:01:56     -452.519894        0.124765
FIRE:   50 12:01:56     -452.520599        0.124676
FIRE:   51 12:01:56     -452.521478        0.124545
FIRE:   52 12:01:56     -452.522577        0.124359
FIRE:   53 12:01:56     -452.523941        0.124102
FIRE:   54 12:01:56     -452.525601        0.123761
FIRE:   55 12:01:56     -452.527594        0.123323
FIRE:   56 12:01:56     -452.529990        0.122784
FIRE:   57 12:01:56     -452.532904        0.122139
FIRE:   58 12:01:56     -452.536457        0.121379
FIRE:   59 12:01:56     -452.540717        0.120477
FIRE:   60 12:01:56     -452.545790        0.119376
FIRE:   61 12:01:56     -452.551901        0.118003
FIRE:   62 12:01:56     -452.559208        0.116320
FIRE:   63 12:01:57     -452.567881        0.114358
FIRE:   64 12:01:57     -452.578241        0.112111
FIRE:   65 12:01:57     -452.590488        0.109328
FIRE:   66 12:01:57     -452.605020        0.105716
FIRE:   67 12:01:57     -452.622156        0.101598
FIRE:   68 12:01:57     -452.642260        0.096925
FIRE:   69 12:01:57     -452.665526        0.116995
FIRE:   70 12:01:57     -452.691039        0.307909
FIRE:   71 12:01:57     -452.711311        0.774341
FIRE:   72 12:01:57     -452.680526        2.162744
FIRE:   73 12:01:57     -452.750677        0.368493
FIRE:   74 12:01:57     -452.752067        0.269453
FIRE:   75 12:01:57     -452.753706        0.142677
FIRE:   76 12:01:57     -452.754426        0.109438
FIRE:   77 12:01:58     -452.754492        0.102679
FIRE:   78 12:01:58     -452.754619        0.089686
FIRE:   79 12:01:58     -452.754797        0.082616
FIRE:   80 12:01:58     -452.755013        0.082977
FIRE:   81 12:01:58     -452.755258        0.083525
FIRE:   82 12:01:58     -452.755530        0.084227
FIRE:   83 12:01:58     -452.755831        0.084991
FIRE:   84 12:01:58     -452.756205        0.085747
FIRE:   85 12:01:58     -452.756681        0.086279
FIRE:   86 12:01:58     -452.757288        0.086299
FIRE:   87 12:01:58     -452.758053        0.085520
FIRE:   88 12:01:58     -452.758994        0.083817
FIRE:   89 12:01:58     -452.760134        0.081444
FIRE:   90 12:01:59     -452.761529        0.080667
FIRE:   91 12:01:59     -452.763259        0.080451
FIRE:   92 12:01:59     -452.765380        0.079625
FIRE:   93 12:01:59     -452.767927        0.086293
FIRE:   94 12:01:59     -452.771021        0.090394
FIRE:   95 12:01:59     -452.774799        0.082775
FIRE:   96 12:02:02     -452.779322        0.079587
FIRE:   97 12:02:02     -452.784765        0.077051
FIRE:   98 12:02:02     -452.791206        0.079483
FIRE:   99 12:02:02     -452.798823        0.073250
FIRE:  100 12:02:02     -452.807649        0.071195
FIRE:  101 12:02:02     -452.817705        0.078989
FIRE:  102 12:02:02     -452.828680        0.118760
FIRE:  103 12:02:02     -452.838813        0.305068
FIRE:  104 12:02:02     -452.842178        0.770721
FIRE:  105 12:02:02     -452.851418        0.045889
FIRE:  106 12:02:02     -452.845089        0.632866
FIRE:  107 12:02:03     -452.847873        0.494373
FIRE:  108 12:02:03     -452.851147        0.241106
FIRE:  109 12:02:03     -452.852154        0.078725
FIRE:  110 12:02:03     -452.852177        0.074010
FIRE:  111 12:02:03     -452.852219        0.064885
FIRE:  112 12:02:03     -452.852276        0.051967
FIRE:  113 12:02:03     -452.852343        0.046002
FIRE:  114 12:02:03     -452.852415        0.045907
FIRE:  115 12:02:03     -452.852489        0.045808
FIRE:  116 12:02:03     -452.852566        0.045713
FIRE:  117 12:02:04     -452.852659        0.045620
FIRE:  118 12:02:04     -452.852776        0.045540
FIRE:  119 12:02:04     -452.852929        0.045480
FIRE:  120 12:02:04     -452.853129        0.045449
FIRE:  121 12:02:04     -452.853380        0.045444
FIRE:  122 12:02:04     -452.853678        0.045450
FIRE:  123 12:02:04     -452.854028        0.045432
FIRE:  124 12:02:04     -452.854454        0.045336
FIRE:  125 12:02:04     -452.854987        0.045121
FIRE:  126 12:02:05     -452.855631        0.044784
FIRE:  127 12:02:05     -452.856386        0.044401
FIRE:  128 12:02:05     -452.857300        0.044082
FIRE:  129 12:02:05     -452.858393        0.043836
FIRE:  130 12:02:05     -452.859668        0.043453
FIRE:  131 12:02:05     -452.861183        0.042727
FIRE:  132 12:02:05     -452.862927        0.041899
FIRE:  133 12:02:05     -452.864943        0.041253
FIRE:  134 12:02:05     -452.867236        0.040059
FIRE:  135 12:02:05     -452.869802        0.038761
FIRE:  136 12:02:06     -452.872598        0.042510
FIRE:  137 12:02:06     -452.875247        0.148651
FIRE:  138 12:02:06     -452.875741        0.423661
FIRE:  139 12:02:06     -452.878611        0.033224
FIRE:  140 12:02:06     -452.878625        0.033226
FIRE:  141 12:02:06     -452.878651        0.033226
FIRE:  142 12:02:06     -452.878691        0.033220
FIRE:  143 12:02:06     -452.878743        0.033201
FIRE:  144 12:02:07     -452.878807        0.033163
FIRE:  145 12:02:07     -452.878884        0.033104
FIRE:  146 12:02:07     -452.878974        0.033024
FIRE:  147 12:02:07     -452.879087        0.032914
FIRE:  148 12:02:07     -452.879230        0.032779
FIRE:  149 12:02:07     -452.879407        0.032620
FIRE:  150 12:02:07     -452.879627        0.032436
FIRE:  151 12:02:07     -452.879898        0.032209
FIRE:  152 12:02:07     -452.880229        0.031917
FIRE:  153 12:02:08     -452.880632        0.031556
FIRE:  154 12:02:08     -452.881119        0.031145
FIRE:  155 12:02:08     -452.881703        0.030649
FIRE:  156 12:02:08     -452.882399        0.029972
FIRE:  157 12:02:08     -452.883221        0.029198
FIRE:  158 12:02:08     -452.884181        0.028309
FIRE:  159 12:02:08     -452.885289        0.027157
FIRE:  160 12:02:08     -452.886522        0.041598
FIRE:  161 12:02:08     -452.887360        0.183789
FIRE:  162 12:02:09     -452.887941        0.024419
FIRE:  163 12:02:09     -452.887949        0.024397
FIRE:  164 12:02:09     -452.887963        0.024357
FIRE:  165 12:02:09     -452.887984        0.024308
FIRE:  166 12:02:09     -452.888010        0.024260
FIRE:  167 12:02:09     -452.888043        0.024220
FIRE:  168 12:02:09     -452.888083        0.024191
FIRE:  169 12:02:09     -452.888130        0.024167
FIRE:  170 12:02:09     -452.888188        0.024134
FIRE:  171 12:02:10     -452.888261        0.024071
FIRE:  172 12:02:10     -452.888353        0.023962
FIRE:  173 12:02:10     -452.888467        0.023808
FIRE:  174 12:02:10     -452.888608        0.023641
FIRE:  175 12:02:10     -452.888781        0.023485
FIRE:  176 12:02:10     -452.888992        0.023295
FIRE:  177 12:02:10     -452.889249        0.022989
FIRE:  178 12:02:10     -452.889559        0.022621
FIRE:  179 12:02:11     -452.889931        0.022270
FIRE:  180 12:02:11     -452.890373        0.021690
FIRE:  181 12:02:13     -452.890890        0.021203
FIRE:  182 12:02:13     -452.891461        0.046828
FIRE:  183 12:02:13     -452.891840        0.142136
FIRE:  184 12:02:13     -452.892181        0.019573
FIRE:  185 12:02:13     -452.891961        0.125985
FIRE:  186 12:02:13     -452.892075        0.095491
FIRE:  187 12:02:13     -452.892202        0.041878
FIRE:  188 12:02:14     -452.892236        0.021507
FIRE:  189 12:02:14     -452.892238        0.020215
FIRE:  190 12:02:14     -452.892241        0.019560
FIRE:  191 12:02:14     -452.892246        0.019540
FIRE:  192 12:02:14     -452.892251        0.019515
FIRE:  193 12:02:14     -452.892257        0.019487
FIRE:  194 12:02:14     -452.892263        0.019458
FIRE:  195 12:02:14     -452.892270        0.019430
FIRE:  196 12:02:14     -452.892278        0.019402
FIRE:  197 12:02:14     -452.892288        0.019377
FIRE:  198 12:02:15     -452.892301        0.019358
FIRE:  199 12:02:15     -452.892318        0.019346
FIRE:  200 12:02:15     -452.892340        0.019341
FIRE:  201 12:02:15     -452.892366        0.019338
FIRE:  202 12:02:15     -452.892397        0.019326
FIRE:  203 12:02:15     -452.892435        0.019290
FIRE:  204 12:02:15     -452.892483        0.019220
FIRE:  205 12:02:15     -452.892541        0.019116
FIRE:  206 12:02:16     -452.892610        0.019000
FIRE:  207 12:02:16     -452.892696        0.018899
FIRE:  208 12:02:16     -452.892800        0.018813
FIRE:  209 12:02:16     -452.892925        0.018679
FIRE:  210 12:02:16     -452.893077        0.018449
FIRE:  211 12:02:16     -452.893258        0.018196
FIRE:  212 12:02:16     -452.893476        0.017983
FIRE:  213 12:02:16     -452.893735        0.017612
FIRE:  214 12:02:16     -452.894042        0.017211
FIRE:  215 12:02:16     -452.894403        0.016796
FIRE:  216 12:02:17     -452.894805        0.035125
FIRE:  217 12:02:17     -452.895075        0.116676
FIRE:  218 12:02:17     -452.895304        0.015523
FIRE:  219 12:02:17     -452.895153        0.104051
FIRE:  220 12:02:17     -452.895233        0.078003
FIRE:  221 12:02:17     -452.895320        0.032361
FIRE:  222 12:02:17     -452.895339        0.021114
FIRE:  223 12:02:17     -452.895340        0.019806
FIRE:  224 12:02:17     -452.895343        0.017277
FIRE:  225 12:02:18     -452.895347        0.015531
FIRE:  226 12:02:18     -452.895351        0.015508
FIRE:  227 12:02:18     -452.895355        0.015482
FIRE:  228 12:02:18     -452.895359        0.015456
FIRE:  229 12:02:18     -452.895364        0.015431
FIRE:  230 12:02:18     -452.895369        0.015407
FIRE:  231 12:02:18     -452.895376        0.015387
FIRE:  232 12:02:18     -452.895385        0.015374
FIRE:  233 12:02:18     -452.895396        0.015369
FIRE:  234 12:02:18     -452.895411        0.015372
FIRE:  235 12:02:18     -452.895428        0.015377
FIRE:  236 12:02:19     -452.895449        0.015374
FIRE:  237 12:02:19     -452.895474        0.015349
FIRE:  238 12:02:19     -452.895506        0.015294
FIRE:  239 12:02:19     -452.895545        0.015211
FIRE:  240 12:02:19     -452.895592        0.015124
FIRE:  241 12:02:19     -452.895649        0.015059
FIRE:  242 12:02:19     -452.895719        0.015010
FIRE:  243 12:02:19     -452.895802        0.014913
FIRE:  244 12:02:19     -452.895904        0.014735
FIRE:  245 12:02:20     -452.896026        0.014560
FIRE:  246 12:02:20     -452.896172        0.014424
FIRE:  247 12:02:20     -452.896348        0.014132
FIRE:  248 12:02:20     -452.896556        0.013877
FIRE:  249 12:02:20     -452.896802        0.013519
FIRE:  250 12:02:20     -452.897091        0.013133
FIRE:  251 12:02:20     -452.897400        0.042688
FIRE:  252 12:02:20     -452.897270        0.182161
FIRE:  253 12:02:20     -452.897768        0.049910
FIRE:  254 12:02:21     -452.897792        0.033993
FIRE:  255 12:02:21     -452.897813        0.012041
FIRE:  256 12:02:21     -452.897814        0.020352
FIRE:  257 12:02:21     -452.897816        0.018729
FIRE:  258 12:02:21     -452.897819        0.015616
FIRE:  259 12:02:21     -452.897822        0.012064
FIRE:  260 12:02:21     -452.897826        0.012052
FIRE:  261 12:02:21     -452.897829        0.012040
FIRE:  262 12:02:21     -452.897832        0.012027
FIRE:  263 12:02:21     -452.897835        0.012016
FIRE:  264 12:02:22     -452.897839        0.012005
FIRE:  265 12:02:22     -452.897844        0.011995
FIRE:  266 12:02:22     -452.897852        0.011988
FIRE:  267 12:02:22     -452.897862        0.011983
FIRE:  268 12:02:22     -452.897873        0.011978
FIRE:  269 12:02:22     -452.897886        0.011969
FIRE:  270 12:02:22     -452.897902        0.011950
FIRE:  271 12:02:22     -452.897923        0.011917
FIRE:  272 12:02:22     -452.897948        0.011870
FIRE:  273 12:02:23     -452.897978        0.011816
FIRE:  274 12:02:23     -452.898015        0.011767
FIRE:  275 12:02:23     -452.898060        0.011719
FIRE:  276 12:02:23     -452.898115        0.011649
FIRE:  277 12:02:23     -452.898181        0.011539
FIRE:  278 12:02:23     -452.898261        0.011418
FIRE:  279 12:02:23     -452.898356        0.011304
FIRE:  280 12:02:23     -452.898470        0.011118
FIRE:  281 12:02:24     -452.898606        0.010926
FIRE:  282 12:02:24     -452.898763        0.016457
FIRE:  283 12:02:24     -452.898915        0.048497
FIRE:  284 12:02:24     -452.898838        0.144016
FIRE:  285 12:02:24     -452.899160        0.016948
FIRE:  286 12:02:24     -452.899163        0.012246
FIRE:  287 12:02:24     -452.899168        0.010072
FIRE:  288 12:02:24     -452.899172        0.010074
FIRE:  289 12:02:24     -452.899176        0.010766
FIRE:  290 12:02:25     -452.899181        0.012327
FIRE:  291 12:02:25     -452.899190        0.010051
FIRE:  292 12:02:25     -452.899199        0.010034
FIRE:  293 12:02:25     -452.899210        0.010012
FIRE:  294 12:02:25     -452.899223        0.009988
       Step     Time          Energy          fmax
FIRE2:    0 12:07:58     -449.189355        0.980997
FIRE2:    1 12:07:59     -449.242602        0.880710
FIRE2:    2 12:07:59     -449.328374        0.712786
FIRE2:    3 12:07:59     -449.423452        0.545031
FIRE2:    4 12:07:59     -449.513469        0.402805
FIRE2:    5 12:07:59     -449.589618        0.308549
FIRE2:    6 12:07:59     -449.648718        0.303702
FIRE2:    7 12:07:59     -449.695329        0.298171
FIRE2:    8 12:07:59     -449.739039        0.294828
FIRE2:    9 12:07:59     -449.782841        0.293701
FIRE2:   10 12:07:59     -449.827441        0.292417
FIRE2:   11 12:07:59     -449.873378        0.288498
FIRE2:   12 12:08:00     -449.919598        0.281525
FIRE2:   13 12:08:00     -449.965623        0.273520
FIRE2:   14 12:08:00     -450.012020        0.266834
FIRE2:   15 12:08:00     -450.058831        0.261616
FIRE2:   16 12:08:00     -450.106234        0.256225
FIRE2:   17 12:08:00     -450.153853        0.249605
FIRE2:   18 12:08:00     -450.201495        0.242591
FIRE2:   19 12:08:00     -450.249167        0.236324
FIRE2:   20 12:08:00     -450.296927        0.230303
FIRE2:   21 12:08:00     -450.344684        0.223429
FIRE2:   22 12:08:00     -450.396992        0.215077
FIRE2:   23 12:08:01     -450.453563        0.206461
FIRE2:   24 12:08:01     -450.508795        0.556121
FIRE2:   25 12:08:01     -450.555985        0.963358
FIRE2:   26 12:08:01     -450.617276        0.468207
FIRE2:   27 12:08:01     -450.667295        0.419539
FIRE2:   28 12:08:01     -450.703968        0.894549
FIRE2:   29 12:08:01     -450.737246        1.254378
FIRE2:   30 12:08:01     -450.750233        0.296178
FIRE2:   31 12:08:01     -450.752524        0.237717
FIRE2:   32 12:08:01     -450.753072        0.154723
FIRE2:   33 12:08:01     -450.753558        0.154666
FIRE2:   34 12:08:02     -450.754238        0.154576
FIRE2:   35 12:08:02     -450.755090        0.154449
FIRE2:   36 12:08:02     -450.756122        0.154280
FIRE2:   37 12:08:02     -450.757356        0.154063
FIRE2:   38 12:08:02     -450.758801        0.153799
FIRE2:   39 12:08:02     -450.760445        0.153490
FIRE2:   40 12:08:02     -450.762277        0.153138
FIRE2:   41 12:08:02     -450.764297        0.152750
FIRE2:   42 12:08:02     -450.766512        0.152330
FIRE2:   43 12:08:02     -450.768918        0.151877
FIRE2:   44 12:08:02     -450.771509        0.151391
FIRE2:   45 12:08:02     -450.774283        0.150868
FIRE2:   46 12:08:03     -450.777240        0.150307
FIRE2:   47 12:08:03     -450.780377        0.149709
FIRE2:   48 12:08:03     -450.783688        0.149078
FIRE2:   49 12:08:03     -450.787173        0.148414
FIRE2:   50 12:08:03     -450.790827        0.147718
FIRE2:   51 12:08:03     -450.794646        0.146987
FIRE2:   52 12:08:03     -450.798627        0.146219
FIRE2:   53 12:08:03     -450.803200        0.145331
FIRE2:   54 12:08:03     -450.808455        0.144304
FIRE2:   55 12:08:03     -450.814501        0.143119
FIRE2:   56 12:08:03     -450.821459        0.141748
FIRE2:   57 12:08:03     -450.829468        0.140153
FIRE2:   58 12:08:03     -450.838683        0.138293
FIRE2:   59 12:08:04     -450.849277        0.136128
FIRE2:   60 12:08:04     -450.861437        0.133606
FIRE2:   61 12:08:04     -450.875364        0.130666
FIRE2:   62 12:08:04     -450.891264        0.127253
FIRE2:   63 12:08:04     -450.909334        0.123255
FIRE2:   64 12:08:04     -450.929688        0.118702
FIRE2:   65 12:08:04     -450.950764        0.304977
FIRE2:   66 12:08:04     -450.962247        0.886112
FIRE2:   67 12:08:04     -450.968173        0.288570
FIRE2:   68 12:08:04     -450.969898        0.142114
FIRE2:   69 12:08:04     -450.970123        0.109007
FIRE2:   70 12:08:04     -450.970316        0.108979
FIRE2:   71 12:08:05     -450.970599        0.108933
FIRE2:   72 12:08:05     -450.970969        0.108868
FIRE2:   73 12:08:05     -450.971425        0.108779
FIRE2:   74 12:08:05     -450.971971        0.108663
FIRE2:   75 12:08:05     -450.972607        0.108519
FIRE2:   76 12:08:05     -450.973334        0.108347
FIRE2:   77 12:08:05     -450.974148        0.108149
FIRE2:   78 12:08:05     -450.975049        0.107929
FIRE2:   79 12:08:05     -450.976038        0.107688
FIRE2:   80 12:08:05     -450.977113        0.107430
FIRE2:   81 12:08:05     -450.978274        0.107152
FIRE2:   82 12:08:06     -450.979520        0.106853
FIRE2:   83 12:08:06     -450.980850        0.106532
FIRE2:   84 12:08:06     -450.982262        0.106189
FIRE2:   85 12:08:06     -450.983757        0.105825
FIRE2:   86 12:08:06     -450.985333        0.105441
FIRE2:   87 12:08:06     -450.986989        0.105039
FIRE2:   88 12:08:06     -450.988723        0.104618
FIRE2:   89 12:08:06     -450.990535        0.104176
FIRE2:   90 12:08:06     -450.992620        0.103663
FIRE2:   91 12:08:06     -450.995024        0.103068
FIRE2:   92 12:08:07     -450.997798        0.102378
FIRE2:   93 12:08:07     -451.001003        0.101579
FIRE2:   94 12:08:07     -451.004708        0.100653
FIRE2:   95 12:08:07     -451.008993        0.099573
FIRE2:   96 12:08:07     -451.013950        0.098315
FIRE2:   97 12:08:07     -451.019680        0.096849
FIRE2:   98 12:08:07     -451.026301        0.095138
FIRE2:   99 12:08:07     -451.033940        0.093143
FIRE2:  100 12:08:07     -451.042737        0.090823
FIRE2:  101 12:08:07     -451.052840        0.088110
FIRE2:  102 12:08:08     -451.064397        0.085018
FIRE2:  103 12:08:08     -451.077286        0.117809
FIRE2:  104 12:08:08     -451.085636        0.615161
FIRE2:  105 12:08:08     -451.087713        0.193246
FIRE2:  106 12:08:08     -451.088450        0.134882
FIRE2:  107 12:08:08     -451.088665        0.078178
FIRE2:  108 12:08:08     -451.088805        0.078178
FIRE2:  109 12:08:08     -451.089000        0.078170
FIRE2:  110 12:08:08     -451.089243        0.078147
FIRE2:  111 12:08:09     -451.089538        0.078100
FIRE2:  112 12:08:09     -451.089890        0.078023
FIRE2:  113 12:08:09     -451.090304        0.077914
FIRE2:  114 12:08:09     -451.090776        0.077779
FIRE2:  115 12:08:09     -451.091303        0.077625
FIRE2:  116 12:08:09     -451.091885        0.077460
FIRE2:  117 12:08:09     -451.092524        0.077291
FIRE2:  118 12:08:09     -451.093221        0.077116
FIRE2:  119 12:08:09     -451.093973        0.076931
FIRE2:  120 12:08:09     -451.094781        0.076727
FIRE2:  121 12:08:09     -451.095644        0.076502
FIRE2:  122 12:08:10     -451.096563        0.076257
FIRE2:  123 12:08:10     -451.097536        0.075997
FIRE2:  124 12:08:10     -451.098564        0.075727
FIRE2:  125 12:08:10     -451.099647        0.075449
FIRE2:  126 12:08:10     -451.100783        0.075159
FIRE2:  127 12:08:10     -451.101972        0.074851
FIRE2:  128 12:08:10     -451.103345        0.074492
FIRE2:  129 12:08:10     -451.104932        0.074074
FIRE2:  130 12:08:10     -451.106770        0.073595
FIRE2:  131 12:08:10     -451.108902        0.073045
FIRE2:  132 12:08:11     -451.111379        0.072404
FIRE2:  133 12:08:11     -451.114261        0.071655
FIRE2:  134 12:08:11     -451.117618        0.070787
FIRE2:  135 12:08:11     -451.121535        0.069782
FIRE2:  136 12:08:11     -451.126107        0.068603
FIRE2:  137 12:08:11     -451.131449        0.067247
FIRE2:  138 12:08:11     -451.137697        0.065655
FIRE2:  139 12:08:11     -451.145006        0.063858
FIRE2:  140 12:08:11     -451.153520        0.066152
FIRE2:  141 12:08:11     -451.162398        0.254948
FIRE2:  142 12:08:11     -451.166516        0.640616
FIRE2:  143 12:08:12     -451.170622        0.159650
FIRE2:  144 12:08:12     -451.171048        0.189059
FIRE2:  145 12:08:12     -451.171402        0.088624
FIRE2:  146 12:08:12     -451.171560        0.063663
FIRE2:  147 12:08:12     -451.171758        0.057434
FIRE2:  148 12:08:12     -451.171983        0.058715
FIRE2:  149 12:08:12     -451.172246        0.062118
FIRE2:  150 12:08:12     -451.172564        0.063016
FIRE2:  151 12:08:12     -451.172943        0.061106
FIRE2:  152 12:08:12     -451.173372        0.058362
FIRE2:  153 12:08:13     -451.173845        0.057015
FIRE2:  154 12:08:13     -451.174366        0.056930
FIRE2:  155 12:08:13     -451.174941        0.056806
FIRE2:  156 12:08:13     -451.175568        0.057327
FIRE2:  157 12:08:13     -451.176243        0.058505
FIRE2:  158 12:08:13     -451.176969        0.059136
FIRE2:  159 12:08:13     -451.177747        0.058771
FIRE2:  160 12:08:13     -451.178575        0.058067
FIRE2:  161 12:08:13     -451.179453        0.057724
FIRE2:  162 12:08:13     -451.180382        0.057867
FIRE2:  163 12:08:13     -451.181361        0.058344
FIRE2:  164 12:08:13     -451.182390        0.058767
FIRE2:  165 12:08:14     -451.183469        0.058769
FIRE2:  166 12:08:14     -451.184716        0.058456
FIRE2:  167 12:08:14     -451.186159        0.058268
FIRE2:  168 12:08:14     -451.187834        0.058454
FIRE2:  169 12:08:14     -451.189779        0.058707
FIRE2:  170 12:08:14     -451.192042        0.058411
FIRE2:  171 12:08:14     -451.194676        0.057956
FIRE2:  172 12:08:14     -451.197745        0.057958
FIRE2:  173 12:08:14     -451.201320        0.057354
FIRE2:  174 12:08:14     -451.205478        0.056327
FIRE2:  175 12:08:14     -451.210303        0.055599
FIRE2:  176 12:08:15     -451.215874        0.052808
FIRE2:  177 12:08:15     -451.222237        0.057584
FIRE2:  178 12:08:15     -451.228908        0.177101
FIRE2:  179 12:08:15     -451.232445        0.491602
FIRE2:  180 12:08:15     -451.234469        0.143248
FIRE2:  181 12:08:15     -451.234946        0.108661
FIRE2:  182 12:08:15     -451.235059        0.049557
FIRE2:  183 12:08:15     -451.235133        0.047639
FIRE2:  184 12:08:15     -451.235236        0.046310
FIRE2:  185 12:08:15     -451.235367        0.046318
FIRE2:  186 12:08:15     -451.235527        0.047231
FIRE2:  187 12:08:16     -451.235718        0.047916
FIRE2:  188 12:08:16     -451.235941        0.047707
FIRE2:  189 12:08:16     -451.236195        0.046862
FIRE2:  190 12:08:16     -451.236479        0.046060
FIRE2:  191 12:08:16     -451.236793        0.045628
FIRE2:  192 12:08:16     -451.237136        0.045429
FIRE2:  193 12:08:16     -451.237510        0.045340
FIRE2:  194 12:08:16     -451.237914        0.045373
FIRE2:  195 12:08:18     -451.238346        0.045401
FIRE2:  196 12:08:18     -451.238806        0.045203
FIRE2:  197 12:08:18     -451.239295        0.044784
FIRE2:  198 12:08:19     -451.239812        0.044344
FIRE2:  199 12:08:19     -451.240357        0.044151
FIRE2:  200 12:08:19     -451.240928        0.044044
FIRE2:  201 12:08:19     -451.241526        0.043927
FIRE2:  202 12:08:19     -451.242149        0.043807
FIRE2:  203 12:08:19     -451.242866        0.043672
FIRE2:  204 12:08:19     -451.243690        0.043519
FIRE2:  205 12:08:19     -451.244640        0.043340
FIRE2:  206 12:08:19     -451.245733        0.043127
FIRE2:  207 12:08:20     -451.246993        0.042882
FIRE2:  208 12:08:20     -451.248443        0.042605
FIRE2:  209 12:08:20     -451.250112        0.042281
FIRE2:  210 12:08:20     -451.252028        0.041898
FIRE2:  211 12:08:20     -451.254220        0.041465
FIRE2:  212 12:08:20     -451.256720        0.040954
FIRE2:  213 12:08:20     -451.259554        0.040379
FIRE2:  214 12:08:20     -451.262739        0.039670
FIRE2:  215 12:08:20     -451.266248        0.047229
FIRE2:  216 12:08:20     -451.269096        0.236413
FIRE2:  217 12:08:24     -451.270375        0.425116
FIRE2:  218 12:08:25     -451.272444        0.112614
FIRE2:  219 12:08:25     -451.272606        0.103268
FIRE2:  220 12:08:25     -451.272736        0.041573
FIRE2:  221 12:08:25     -451.272782        0.037319
FIRE2:  222 12:08:25     -451.272839        0.037359
FIRE2:  223 12:08:25     -451.272903        0.037394
FIRE2:  224 12:08:25     -451.272978        0.037411
FIRE2:  225 12:08:25     -451.273069        0.037402
FIRE2:  226 12:08:25     -451.273176        0.037369
FIRE2:  227 12:08:26     -451.273298        0.037318
FIRE2:  228 12:08:26     -451.273432        0.037261
FIRE2:  229 12:08:26     -451.273579        0.037211
FIRE2:  230 12:08:26     -451.273740        0.037172
FIRE2:  231 12:08:26     -451.273916        0.037141
FIRE2:  232 12:08:26     -451.274104        0.037107
FIRE2:  233 12:08:26     -451.274306        0.037063
FIRE2:  234 12:08:26     -451.274522        0.037005
FIRE2:  235 12:08:26     -451.274750        0.036938
FIRE2:  236 12:08:26     -451.274992        0.036871
FIRE2:  237 12:08:26     -451.275246        0.036807
FIRE2:  238 12:08:26     -451.275513        0.036746
FIRE2:  239 12:08:26     -451.275792        0.036679
FIRE2:  240 12:08:27     -451.276083        0.036603
FIRE2:  241 12:08:27     -451.276417        0.036511
FIRE2:  242 12:08:27     -451.276803        0.036405
FIRE2:  243 12:08:27     -451.277247        0.036289
FIRE2:  244 12:08:27     -451.277758        0.036156
FIRE2:  245 12:08:27     -451.278349        0.035994
FIRE2:  246 12:08:27     -451.279030        0.035803
FIRE2:  247 12:08:27     -451.279815        0.035588
FIRE2:  248 12:08:27     -451.280721        0.035329
FIRE2:  249 12:08:27     -451.281763        0.035025
FIRE2:  250 12:08:27     -451.282961        0.034677
FIRE2:  251 12:08:27     -451.284333        0.034240
FIRE2:  252 12:08:28     -451.285893        0.033821
FIRE2:  253 12:08:28     -451.287478        0.100114
FIRE2:  254 12:08:28     -451.288365        0.247520
FIRE2:  255 12:08:28     -451.288882        0.077540
FIRE2:  256 12:08:28     -451.289010        0.045301
FIRE2:  257 12:08:28     -451.289033        0.032692
FIRE2:  258 12:08:28     -451.289051        0.032697
FIRE2:  259 12:08:28     -451.289075        0.032702
FIRE2:  260 12:08:28     -451.289107        0.032704
FIRE2:  261 12:08:28     -451.289146        0.032701
FIRE2:  262 12:08:28     -451.289193        0.032690
FIRE2:  263 12:08:29     -451.289247        0.032670
FIRE2:  264 12:08:29     -451.289310        0.032643
FIRE2:  265 12:08:29     -451.289380        0.032612
FIRE2:  266 12:08:29     -451.289457        0.032580
FIRE2:  267 12:08:29     -451.289542        0.032548
FIRE2:  268 12:08:29     -451.289634        0.032517
FIRE2:  269 12:08:29     -451.289734        0.032484
FIRE2:  270 12:08:29     -451.289842        0.032449
FIRE2:  271 12:08:29     -451.289956        0.032409
FIRE2:  272 12:08:29     -451.290078        0.032363
FIRE2:  273 12:08:29     -451.290208        0.032314
FIRE2:  274 12:08:29     -451.290344        0.032264
FIRE2:  275 12:08:30     -451.290488        0.032212
FIRE2:  276 12:08:30     -451.290639        0.032159
FIRE2:  277 12:08:30     -451.290796        0.032103
FIRE2:  278 12:08:30     -451.290978        0.032037
FIRE2:  279 12:08:30     -451.291189        0.031958
FIRE2:  280 12:08:30     -451.291432        0.031868
FIRE2:  281 12:08:30     -451.291714        0.031765
FIRE2:  282 12:08:30     -451.292041        0.031644
FIRE2:  283 12:08:30     -451.292421        0.031502
FIRE2:  284 12:08:30     -451.292863        0.031335
FIRE2:  285 12:08:30     -451.293377        0.031142
FIRE2:  286 12:08:30     -451.293975        0.030913
FIRE2:  287 12:08:31     -451.294671        0.030645
FIRE2:  288 12:08:31     -451.295479        0.030330
FIRE2:  289 12:08:31     -451.296419        0.029958
FIRE2:  290 12:08:31     -451.297508        0.029529
FIRE2:  291 12:08:31     -451.298766        0.028980
FIRE2:  292 12:08:31     -451.300156        0.060008
FIRE2:  293 12:08:31     -451.300442        0.278399
FIRE2:  294 12:08:31     -451.301310        0.056018
FIRE2:  295 12:08:31     -451.301223        0.113956
FIRE2:  296 12:08:32     -451.301367        0.059471
FIRE2:  297 12:08:32     -451.301415        0.037222
FIRE2:  298 12:08:32     -451.301458        0.027914
FIRE2:  299 12:08:32     -451.301488        0.027821
FIRE2:  300 12:08:32     -451.301520        0.027764
FIRE2:  301 12:08:32     -451.301566        0.027749
FIRE2:  302 12:08:32     -451.301623        0.027765
FIRE2:  303 12:08:32     -451.301682        0.027793
FIRE2:  304 12:08:32     -451.301742        0.027805
FIRE2:  305 12:08:32     -451.301810        0.027784
FIRE2:  306 12:08:33     -451.301887        0.027731
FIRE2:  307 12:08:33     -451.301968        0.027665
FIRE2:  308 12:08:33     -451.302054        0.027608
FIRE2:  309 12:08:33     -451.302148        0.027571
FIRE2:  310 12:08:33     -451.302249        0.027548
FIRE2:  311 12:08:33     -451.302355        0.027520
FIRE2:  312 12:08:33     -451.302467        0.027472
FIRE2:  313 12:08:33     -451.302586        0.027409
FIRE2:  314 12:08:33     -451.302712        0.027344
FIRE2:  315 12:08:33     -451.302843        0.027288
FIRE2:  316 12:08:33     -451.302981        0.027237
FIRE2:  317 12:08:34     -451.303140        0.027175
FIRE2:  318 12:08:34     -451.303324        0.027091
FIRE2:  319 12:08:34     -451.303538        0.026990
FIRE2:  320 12:08:34     -451.303785        0.026886
FIRE2:  321 12:08:34     -451.304073        0.026769
FIRE2:  322 12:08:34     -451.304408        0.026615
FIRE2:  323 12:08:34     -451.304797        0.026444
FIRE2:  324 12:08:34     -451.305251        0.026251
FIRE2:  325 12:08:34     -451.305780        0.026003
FIRE2:  326 12:08:34     -451.306395        0.025764
FIRE2:  327 12:08:35     -451.307098        0.025331
FIRE2:  328 12:08:35     -451.307753        0.094541
FIRE2:  329 12:08:35     -451.308337        0.144514
FIRE2:  330 12:08:35     -451.308476        0.039576
FIRE2:  331 12:08:35     -451.308529        0.024845
FIRE2:  332 12:08:35     -451.308532        0.024793
FIRE2:  333 12:08:35     -451.308541        0.024785
FIRE2:  334 12:08:35     -451.308553        0.024773
FIRE2:  335 12:08:35     -451.308570        0.024760
FIRE2:  336 12:08:36     -451.308590        0.024747
FIRE2:  337 12:08:36     -451.308615        0.024734
FIRE2:  338 12:08:36     -451.308643        0.024722
FIRE2:  339 12:08:36     -451.308676        0.024710
FIRE2:  340 12:08:36     -451.308712        0.024697
FIRE2:  341 12:08:36     -451.308753        0.024682
FIRE2:  342 12:08:36     -451.308797        0.024663
FIRE2:  343 12:08:36     -451.308846        0.024640
FIRE2:  344 12:08:36     -451.308898        0.024615
FIRE2:  345 12:08:36     -451.308954        0.024587
FIRE2:  346 12:08:36     -451.309015        0.024560
FIRE2:  347 12:08:37     -451.309079        0.024532
FIRE2:  348 12:08:37     -451.309147        0.024502
FIRE2:  349 12:08:37     -451.309219        0.024471
FIRE2:  350 12:08:37     -451.309295        0.024437
FIRE2:  351 12:08:37     -451.309375        0.024400
FIRE2:  352 12:08:37     -451.309459        0.024362
FIRE2:  353 12:08:37     -451.309555        0.024318
FIRE2:  354 12:08:37     -451.309667        0.024268
FIRE2:  355 12:08:37     -451.309797        0.024210
FIRE2:  356 12:08:37     -451.309947        0.024142
FIRE2:  357 12:08:37     -451.310122        0.024062
FIRE2:  358 12:08:37     -451.310326        0.023970
FIRE2:  359 12:08:38     -451.310564        0.023862
FIRE2:  360 12:08:38     -451.310842        0.023735
FIRE2:  361 12:08:38     -451.311167        0.023587
FIRE2:  362 12:08:38     -451.311547        0.023414
FIRE2:  363 12:08:38     -451.311991        0.023209
FIRE2:  364 12:08:38     -451.312510        0.022973
FIRE2:  365 12:08:38     -451.313117        0.022683
FIRE2:  366 12:08:38     -451.313821        0.022402
FIRE2:  367 12:08:38     -451.314510        0.085414
FIRE2:  368 12:08:38     -451.314575        0.227629
FIRE2:  369 12:08:39     -451.315212        0.048078
FIRE2:  370 12:08:39     -451.315171        0.084961
FIRE2:  371 12:08:39     -451.315253        0.042481
FIRE2:  372 12:08:39     -451.315281        0.026054
FIRE2:  373 12:08:39     -451.315305        0.021649
FIRE2:  374 12:08:39     -451.315323        0.021687
FIRE2:  375 12:08:39     -451.315343        0.021701
FIRE2:  376 12:08:39     -451.315370        0.021688
FIRE2:  377 12:08:39     -451.315404        0.021653
FIRE2:  378 12:08:39     -451.315440        0.021608
FIRE2:  379 12:08:40     -451.315477        0.021568
FIRE2:  380 12:08:40     -451.315518        0.021544
FIRE2:  381 12:08:40     -451.315564        0.021535
FIRE2:  382 12:08:40     -451.315613        0.021530
FIRE2:  383 12:08:40     -451.315666        0.021517
FIRE2:  384 12:08:40     -451.315723        0.021489
FIRE2:  385 12:08:40     -451.315784        0.021450
FIRE2:  386 12:08:40     -451.315849        0.021411
FIRE2:  387 12:08:40     -451.315917        0.021379
FIRE2:  388 12:08:40     -451.315990        0.021352
FIRE2:  389 12:08:40     -451.316066        0.021324
FIRE2:  390 12:08:41     -451.316146        0.021286
FIRE2:  391 12:08:41     -451.316231        0.021242
FIRE2:  392 12:08:41     -451.316328        0.021193
FIRE2:  393 12:08:41     -451.316440        0.021143
FIRE2:  394 12:08:41     -451.316571        0.021088
FIRE2:  395 12:08:41     -451.316722        0.021015
FIRE2:  396 12:08:41     -451.316899        0.020929
FIRE2:  397 12:08:41     -451.317104        0.020837
FIRE2:  398 12:08:41     -451.317344        0.020725
FIRE2:  399 12:08:41     -451.317624        0.020590
FIRE2:  400 12:08:42     -451.317951        0.020446
FIRE2:  401 12:08:42     -451.318332        0.020245
FIRE2:  402 12:08:42     -451.318769        0.021186
FIRE2:  403 12:08:42     -451.319183        0.071921
FIRE2:  404 12:08:42     -451.319556        0.112543
FIRE2:  405 12:08:42     -451.319632        0.032770
FIRE2:  406 12:08:42     -451.319667        0.019635
FIRE2:  407 12:08:42     -451.319669        0.019635
FIRE2:  408 12:08:42     -451.319674        0.019634
FIRE2:  409 12:08:42     -451.319682        0.019631
FIRE2:  410 12:08:43     -451.319692        0.019628
FIRE2:  411 12:08:43     -451.319705        0.019623
FIRE2:  412 12:08:43     -451.319721        0.019617
FIRE2:  413 12:08:43     -451.319739        0.019610
FIRE2:  414 12:08:43     -451.319760        0.019602
FIRE2:  415 12:08:43     -451.319783        0.019592
FIRE2:  416 12:08:43     -451.319809        0.019582
FIRE2:  417 12:08:43     -451.319837        0.019570
FIRE2:  418 12:08:43     -451.319868        0.019558
FIRE2:  419 12:08:43     -451.319902        0.019544
FIRE2:  420 12:08:43     -451.319938        0.019530
FIRE2:  421 12:08:44     -451.319977        0.019515
FIRE2:  422 12:08:44     -451.320018        0.019498
FIRE2:  423 12:08:44     -451.320062        0.019480
FIRE2:  424 12:08:44     -451.320108        0.019462
FIRE2:  425 12:08:44     -451.320156        0.019442
FIRE2:  426 12:08:44     -451.320207        0.019422
FIRE2:  427 12:08:44     -451.320261        0.019400
FIRE2:  428 12:08:44     -451.320323        0.019375
FIRE2:  429 12:08:44     -451.320395        0.019347
FIRE2:  430 12:08:44     -451.320478        0.019313
FIRE2:  431 12:08:44     -451.320575        0.019274
FIRE2:  432 12:08:45     -451.320687        0.019228
FIRE2:  433 12:08:45     -451.320819        0.019175
FIRE2:  434 12:08:45     -451.320972        0.019113
FIRE2:  435 12:08:45     -451.321151        0.019040
FIRE2:  436 12:08:45     -451.321361        0.018955
FIRE2:  437 12:08:45     -451.321607        0.018855
FIRE2:  438 12:08:45     -451.321895        0.018737
FIRE2:  439 12:08:45     -451.322232        0.018598
FIRE2:  440 12:08:45     -451.322628        0.018435
FIRE2:  441 12:08:46     -451.323089        0.018239
FIRE2:  442 12:08:46     -451.323555        0.064287
FIRE2:  443 12:08:46     -451.323629        0.179981
FIRE2:  444 12:08:46     -451.324010        0.036953
FIRE2:  445 12:08:46     -451.323989        0.066872
FIRE2:  446 12:08:46     -451.324038        0.034081
FIRE2:  447 12:08:46     -451.324055        0.021546
FIRE2:  448 12:08:46     -451.324071        0.017833
FIRE2:  449 12:08:46     -451.324083        0.017822
FIRE2:  450 12:08:47     -451.324096        0.017813
FIRE2:  451 12:08:47     -451.324115        0.017807
FIRE2:  452 12:08:47     -451.324137        0.017802
FIRE2:  453 12:08:47     -451.324161        0.017796
FIRE2:  454 12:08:47     -451.324186        0.017788
FIRE2:  455 12:08:47     -451.324213        0.017776
FIRE2:  456 12:08:47     -451.324244        0.017761
FIRE2:  457 12:08:47     -451.324278        0.017745
FIRE2:  458 12:08:47     -451.324313        0.017729
FIRE2:  459 12:08:47     -451.324351        0.017713
FIRE2:  460 12:08:47     -451.324392        0.017698
FIRE2:  461 12:08:48     -451.324436        0.017681
FIRE2:  462 12:08:48     -451.324482        0.017661
FIRE2:  463 12:08:48     -451.324531        0.017640
FIRE2:  464 12:08:48     -451.324583        0.017617
FIRE2:  465 12:08:48     -451.324637        0.017595
FIRE2:  466 12:08:48     -451.324694        0.017572
FIRE2:  467 12:08:48     -451.324759        0.017544
FIRE2:  468 12:08:48     -451.324835        0.017511
FIRE2:  469 12:08:48     -451.324923        0.017474
FIRE2:  470 12:08:49     -451.325026        0.017431
FIRE2:  471 12:08:49     -451.325145        0.017381
FIRE2:  472 12:08:49     -451.325284        0.017321
FIRE2:  473 12:08:49     -451.325446        0.017252
FIRE2:  474 12:08:49     -451.325636        0.017171
FIRE2:  475 12:08:49     -451.325857        0.017075
FIRE2:  476 12:08:49     -451.326116        0.016966
FIRE2:  477 12:08:49     -451.326414        0.016825
FIRE2:  478 12:08:49     -451.326704        0.056721
FIRE2:  479 12:08:50     -451.326958        0.091543
FIRE2:  480 12:08:50     -451.327006        0.026433
FIRE2:  481 12:08:50     -451.327031        0.016572
FIRE2:  482 12:08:50     -451.327031        0.016566
FIRE2:  483 12:08:50     -451.327035        0.016564
FIRE2:  484 12:08:50     -451.327040        0.016562
FIRE2:  485 12:08:50     -451.327047        0.016558
FIRE2:  486 12:08:50     -451.327056        0.016554
FIRE2:  487 12:08:50     -451.327067        0.016549
FIRE2:  488 12:08:51     -451.327080        0.016544
FIRE2:  489 12:08:51     -451.327094        0.016538
FIRE2:  490 12:08:53     -451.327110        0.016531
FIRE2:  491 12:08:53     -451.327128        0.016524
FIRE2:  492 12:08:53     -451.327147        0.016515
FIRE2:  493 12:08:53     -451.327168        0.016506
FIRE2:  494 12:08:53     -451.327192        0.016495
FIRE2:  495 12:08:53     -451.327216        0.016484
FIRE2:  496 12:08:54     -451.327243        0.016472
FIRE2:  497 12:08:54     -451.327271        0.016460
FIRE2:  498 12:08:54     -451.327301        0.016447
FIRE2:  499 12:08:54     -451.327333        0.016433
FIRE2:  500 12:08:54     -451.327367        0.016418
